[2025-06-27 00:34:09][INFO] Uruchamianie aplikacji DataLab
[2025-06-27 00:34:09][WARNING] Brakuje plików wyjściowych – wykonuję pipeline.
[2025-06-27 00:34:09][INFO] Uruchamiam pipeline...
[2025-06-27 00:34:09][INFO] [Loader] Wczytano 2964624 wierszy z pliku: data/raw/yellow_tripdata_2024-01.parquet
[2025-06-27 00:34:09][INFO] [Loader] Chunk 1 załadowany (100000 wierszy)
[2025-06-27 00:34:10][INFO] Start analizy równoległej (12 CPU)...
[2025-06-27 00:34:10][INFO] [Loader] Wczytano 2964624 wierszy z pliku: data/raw/yellow_tripdata_2024-01.parquet
[2025-06-27 00:34:10][INFO] [Loader] Chunk 1 załadowany (100000 wierszy)
[2025-06-27 00:34:10][INFO] [Loader] Chunk 2 załadowany (100000 wierszy)
[2025-06-27 00:34:10][INFO] [Loader] Chunk 3 załadowany (100000 wierszy)
[2025-06-27 00:34:10][INFO] [Loader] Chunk 4 załadowany (100000 wierszy)
[2025-06-27 00:34:10][INFO] [Loader] Chunk 5 załadowany (100000 wierszy)
[2025-06-27 00:34:10][INFO] [Loader] Chunk 6 załadowany (100000 wierszy)
[2025-06-27 00:34:10][INFO] [Loader] Chunk 7 załadowany (100000 wierszy)
[2025-06-27 00:34:10][INFO] [Loader] Chunk 8 załadowany (100000 wierszy)
[2025-06-27 00:34:10][INFO] [Loader] Chunk 9 załadowany (100000 wierszy)
[2025-06-27 00:34:10][INFO] [Loader] Chunk 10 załadowany (100000 wierszy)
[2025-06-27 00:34:10][INFO] [Loader] Chunk 11 załadowany (100000 wierszy)
[2025-06-27 00:34:10][INFO] [Loader] Chunk 12 załadowany (100000 wierszy)
[2025-06-27 00:34:10][INFO] [Loader] Chunk 13 załadowany (100000 wierszy)
[2025-06-27 00:34:10][INFO] [Loader] Chunk 14 załadowany (100000 wierszy)
[2025-06-27 00:34:10][INFO] [Loader] Chunk 15 załadowany (100000 wierszy)
[2025-06-27 00:34:10][INFO] [Loader] Chunk 16 załadowany (100000 wierszy)
[2025-06-27 00:34:10][INFO] [Loader] Chunk 17 załadowany (100000 wierszy)
[2025-06-27 00:34:10][INFO] [Loader] Chunk 18 załadowany (100000 wierszy)
[2025-06-27 00:34:10][INFO] [Loader] Chunk 19 załadowany (100000 wierszy)
[2025-06-27 00:34:10][INFO] [Loader] Chunk 20 załadowany (100000 wierszy)
[2025-06-27 00:34:10][INFO] [Loader] Chunk 21 załadowany (100000 wierszy)
[2025-06-27 00:34:10][INFO] [Loader] Chunk 22 załadowany (100000 wierszy)
[2025-06-27 00:34:10][INFO] [Loader] Chunk 23 załadowany (100000 wierszy)
[2025-06-27 00:34:10][INFO] [Loader] Chunk 24 załadowany (100000 wierszy)
[2025-06-27 00:34:10][INFO] [Loader] Chunk 25 załadowany (100000 wierszy)
[2025-06-27 00:34:10][INFO] [Loader] Chunk 26 załadowany (100000 wierszy)
[2025-06-27 00:34:10][INFO] [Loader] Chunk 27 załadowany (100000 wierszy)
[2025-06-27 00:34:10][INFO] [Loader] Chunk 28 załadowany (100000 wierszy)
[2025-06-27 00:34:10][INFO] [Loader] Chunk 29 załadowany (100000 wierszy)
[2025-06-27 00:34:10][INFO] [Loader] Chunk 30 załadowany (64624 wierszy)
[2025-06-27 00:34:10][INFO] Załadowano 30 chunków.
[2025-06-27 00:34:13][INFO] Analiza zakończona sukcesem. Raporty zapisane.
[2025-06-27 00:34:14][INFO] [Loader] Wczytano 2964624 wierszy z pliku: data/raw/yellow_tripdata_2024-01.parquet
[2025-06-27 00:34:14][INFO] [Loader] Chunk 1 załadowany (100000 wierszy)
[2025-06-27 00:34:14][INFO] [Cleaner] Chunk: 100000 → 95764 rekordów po walidacji | RAM: 1198.22 MB
[2025-06-27 00:34:14][INFO] [Loader] Chunk 2 załadowany (100000 wierszy)
[2025-06-27 00:34:14][INFO] [Cleaner] Chunk: 100000 → 96166 rekordów po walidacji | RAM: 1207.88 MB
[2025-06-27 00:34:15][INFO] Pipeline zakończony pomyślnie.
[2025-06-27 00:34:15][INFO] Odpalam Streamlit...
